\BOOKMARK [1][-]{section.1}{Pr\351sentation des notions et notations}{}% 1
\BOOKMARK [2][-]{subsection.1.1}{Description du probl\350me}{section.1}% 2
\BOOKMARK [3][-]{subsubsection.1.1.1}{Optimisation stochastique}{subsection.1.1}% 3
\BOOKMARK [3][-]{subsubsection.1.1.2}{Vehicle Routing Problem \(VRP\)}{subsection.1.1}% 4
\BOOKMARK [3][-]{subsubsection.1.1.3}{Capacitated VRP \(CVRP\)}{subsection.1.1}% 5
\BOOKMARK [2][-]{subsection.1.2}{Parcours et exploration des voisinages}{section.1}% 6
\BOOKMARK [2][-]{subsection.1.3}{Motivation et objectif}{section.1}% 7
\BOOKMARK [1][-]{section.2}{Construction d'une solution initiale de bonne qualit\351}{}% 8
\BOOKMARK [2][-]{subsection.2.1}{Description de l'algorithme}{section.2}% 9
\BOOKMARK [2][-]{subsection.2.2}{Choix des param\350tres \(, , \)}{section.2}% 10
\BOOKMARK [1][-]{section.3}{Proposition d'un algorithme d'optimisation}{}% 11
\BOOKMARK [2][-]{subsection.3.1}{Heuristique Arnold \046 S\366rensen}{section.3}% 12
\BOOKMARK [3][-]{subsubsection.3.1.1}{Pire ar\352te et p\351nalisation}{subsection.3.1}% 13
\BOOKMARK [3][-]{subsubsection.3.1.2}{Ejection-Chain}{subsection.3.1}% 14
\BOOKMARK [3][-]{subsubsection.3.1.3}{Cross-Exchange}{subsection.3.1}% 15
\BOOKMARK [3][-]{subsubsection.3.1.4}{Lin-Kernighan}{subsection.3.1}% 16
\BOOKMARK [2][-]{subsection.3.2}{Algorithme d'optimisation utilis\351}{section.3}% 17
\BOOKMARK [1][-]{section.4}{Extraction de la connaissance}{}% 18
\BOOKMARK [2][-]{subsection.4.1}{Quelle est la connaissance ?}{section.4}% 19
\BOOKMARK [2][-]{subsection.4.2}{Protocole d'apprentissage}{section.4}% 20
\BOOKMARK [3][-]{subsubsection.4.2.1}{G\351n\351ration de l'\351chantillon}{subsection.4.2}% 21
\BOOKMARK [3][-]{subsubsection.4.2.2}{Construction de la base d'apprentissage}{subsection.4.2}% 22
\BOOKMARK [3][-]{subsubsection.4.2.3}{Extraction des ar\352tes}{subsection.4.2}% 23
\BOOKMARK [2][-]{subsection.4.3}{R\351sultats}{section.4}% 24
\BOOKMARK [1][-]{section.5}{Int\351gration de la connaissance}{}% 25
\BOOKMARK [2][-]{subsection.5.1}{O\371 int\351grer la connaissance ?}{section.5}% 26
\BOOKMARK [2][-]{subsection.5.2}{Learning Heuristic}{section.5}% 27
\BOOKMARK [2][-]{subsection.5.3}{R\351sultats}{section.5}% 28
